2026-04-16 14:01:40,462 [Worker-1: Loading available Gradle versions] INFO  o.e.b.c.i.u.g.PublishedGradleVersions - Gradle version information cache is up-to-date. Trying to read.
2026-04-16 14:02:41,533 [Worker-17: Launching mavenrun-5b91efce-55bb-4be3-ad4c-ec1e5c869d35] INFO  o.eclipse.m2e.core.internal.Bundles - getClasspathEntries(Bundle=org.eclipse.m2e.maven.runtime_3.9.700.20240602-2313 [356])
2026-04-16 14:02:41,536 [Worker-17: Launching mavenrun-5b91efce-55bb-4be3-ad4c-ec1e5c869d35] INFO  o.eclipse.m2e.core.internal.Bundles - 	Entry: C:\Users\dhars\.p2\pool\plugins\org.eclipse.m2e.maven.runtime_3.9.700.20240602-2313
2026-04-16 14:02:41,537 [Worker-17: Launching mavenrun-5b91efce-55bb-4be3-ad4c-ec1e5c869d35] INFO  o.eclipse.m2e.core.internal.Bundles - 	Entry: C:\Users\dhars\.p2\pool\plugins\org.eclipse.m2e.maven.runtime_3.9.700.20240602-2313\jars\aopalliance-1.0.jar
2026-04-16 14:02:41,537 [Worker-17: Launching mavenrun-5b91efce-55bb-4be3-ad4c-ec1e5c869d35] INFO  o.eclipse.m2e.core.internal.Bundles - 	Entry: C:\Users\dhars\.p2\pool\plugins\org.eclipse.m2e.maven.runtime_3.9.700.20240602-2313\jars\guice-5.1.0.jar
2026-04-16 14:02:41,538 [Worker-17: Launching mavenrun-5b91efce-55bb-4be3-ad4c-ec1e5c869d35] INFO  o.eclipse.m2e.core.internal.Bundles - 	Entry: C:\Users\dhars\.p2\pool\plugins\org.eclipse.m2e.maven.runtime_3.9.700.20240602-2313\jars\httpclient-4.5.14.jar
2026-04-16 14:02:41,538 [Worker-17: Launching mavenrun-5b91efce-55bb-4be3-ad4c-ec1e5c869d35] INFO  o.eclipse.m2e.core.internal.Bundles - 	Entry: C:\Users\dhars\.p2\pool\plugins\org.eclipse.m2e.maven.runtime_3.9.700.20240602-2313\jars\httpcore-4.4.16.jar
2026-04-16 14:02:41,538 [Worker-17: Launching mavenrun-5b91efce-55bb-4be3-ad4c-ec1e5c869d35] INFO  o.eclipse.m2e.core.internal.Bundles - 	Entry: C:\Users\dhars\.p2\pool\plugins\org.eclipse.m2e.maven.runtime_3.9.700.20240602-2313\jars\jansi-2.4.1.jar
2026-04-16 14:02:41,538 [Worker-17: Launching mavenrun-5b91efce-55bb-4be3-ad4c-ec1e5c869d35] INFO  o.eclipse.m2e.core.internal.Bundles - 	Entry: C:\Users\dhars\.p2\pool\plugins\org.eclipse.m2e.maven.runtime_3.9.700.20240602-2313\jars\jcl-over-slf4j-1.7.36.jar
2026-04-16 14:02:41,538 [Worker-17: Launching mavenrun-5b91efce-55bb-4be3-ad4c-ec1e5c869d35] INFO  o.eclipse.m2e.core.internal.Bundles - 	Entry: C:\Users\dhars\.p2\pool\plugins\org.eclipse.m2e.maven.runtime_3.9.700.20240602-2313\jars\maven-artifact-3.9.7.jar
2026-04-16 14:02:41,538 [Worker-17: Launching mavenrun-5b91efce-55bb-4be3-ad4c-ec1e5c869d35] INFO  o.eclipse.m2e.core.internal.Bundles - 	Entry: C:\Users\dhars\.p2\pool\plugins\org.eclipse.m2e.maven.runtime_3.9.700.20240602-2313\jars\maven-builder-support-3.9.7.jar
2026-04-16 14:02:41,538 [Worker-17: Launching mavenrun-5b91efce-55bb-4be3-ad4c-ec1e5c869d35] INFO  o.eclipse.m2e.core.internal.Bundles - 	Entry: C:\Users\dhars\.p2\pool\plugins\org.eclipse.m2e.maven.runtime_3.9.700.20240602-2313\jars\maven-compat-3.9.7.jar
2026-04-16 14:02:41,538 [Worker-17: Launching mavenrun-5b91efce-55bb-4be3-ad4c-ec1e5c869d35] INFO  o.eclipse.m2e.core.internal.Bundles - 	Entry: C:\Users\dhars\.p2\pool\plugins\org.eclipse.m2e.maven.runtime_3.9.700.20240602-2313\jars\maven-core-3.9.7.jar
2026-04-16 14:02:41,538 [Worker-17: Launching mavenrun-5b91efce-55bb-4be3-ad4c-ec1e5c869d35] INFO  o.eclipse.m2e.core.internal.Bundles - 	Entry: C:\Users\dhars\.p2\pool\plugins\org.eclipse.m2e.maven.runtime_3.9.700.20240602-2313\jars\maven-embedder-3.9.7.jar
2026-04-16 14:02:41,538 [Worker-17: Launching mavenrun-5b91efce-55bb-4be3-ad4c-ec1e5c869d35] INFO  o.eclipse.m2e.core.internal.Bundles - 	Entry: C:\Users\dhars\.p2\pool\plugins\org.eclipse.m2e.maven.runtime_3.9.700.20240602-2313\jars\maven-model-3.9.7.jar
2026-04-16 14:02:41,538 [Worker-17: Launching mavenrun-5b91efce-55bb-4be3-ad4c-ec1e5c869d35] INFO  o.eclipse.m2e.core.internal.Bundles - 	Entry: C:\Users\dhars\.p2\pool\plugins\org.eclipse.m2e.maven.runtime_3.9.700.20240602-2313\jars\maven-model-builder-3.9.7.jar
2026-04-16 14:02:41,539 [Worker-17: Launching mavenrun-5b91efce-55bb-4be3-ad4c-ec1e5c869d35] INFO  o.eclipse.m2e.core.internal.Bundles - 	Entry: C:\Users\dhars\.p2\pool\plugins\org.eclipse.m2e.maven.runtime_3.9.700.20240602-2313\jars\maven-plugin-api-3.9.7.jar
2026-04-16 14:02:41,539 [Worker-17: Launching mavenrun-5b91efce-55bb-4be3-ad4c-ec1e5c869d35] INFO  o.eclipse.m2e.core.internal.Bundles - 	Entry: C:\Users\dhars\.p2\pool\plugins\org.eclipse.m2e.maven.runtime_3.9.700.20240602-2313\jars\maven-repository-metadata-3.9.7.jar
2026-04-16 14:02:41,539 [Worker-17: Launching mavenrun-5b91efce-55bb-4be3-ad4c-ec1e5c869d35] INFO  o.eclipse.m2e.core.internal.Bundles - 	Entry: C:\Users\dhars\.p2\pool\plugins\org.eclipse.m2e.maven.runtime_3.9.700.20240602-2313\jars\maven-resolver-api-1.9.20.jar
2026-04-16 14:02:41,539 [Worker-17: Launching mavenrun-5b91efce-55bb-4be3-ad4c-ec1e5c869d35] INFO  o.eclipse.m2e.core.internal.Bundles - 	Entry: C:\Users\dhars\.p2\pool\plugins\org.eclipse.m2e.maven.runtime_3.9.700.20240602-2313\jars\maven-resolver-connector-basic-1.9.20.jar
2026-04-16 14:02:41,539 [Worker-17: Launching mavenrun-5b91efce-55bb-4be3-ad4c-ec1e5c869d35] INFO  o.eclipse.m2e.core.internal.Bundles - 	Entry: C:\Users\dhars\.p2\pool\plugins\org.eclipse.m2e.maven.runtime_3.9.700.20240602-2313\jars\maven-resolver-impl-1.9.20.jar
2026-04-16 14:02:41,539 [Worker-17: Launching mavenrun-5b91efce-55bb-4be3-ad4c-ec1e5c869d35] INFO  o.eclipse.m2e.core.internal.Bundles - 	Entry: C:\Users\dhars\.p2\pool\plugins\org.eclipse.m2e.maven.runtime_3.9.700.20240602-2313\jars\maven-resolver-named-locks-1.9.20.jar
2026-04-16 14:02:41,539 [Worker-17: Launching mavenrun-5b91efce-55bb-4be3-ad4c-ec1e5c869d35] INFO  o.eclipse.m2e.core.internal.Bundles - 	Entry: C:\Users\dhars\.p2\pool\plugins\org.eclipse.m2e.maven.runtime_3.9.700.20240602-2313\jars\maven-resolver-provider-3.9.7.jar
2026-04-16 14:02:41,539 [Worker-17: Launching mavenrun-5b91efce-55bb-4be3-ad4c-ec1e5c869d35] INFO  o.eclipse.m2e.core.internal.Bundles - 	Entry: C:\Users\dhars\.p2\pool\plugins\org.eclipse.m2e.maven.runtime_3.9.700.20240602-2313\jars\maven-resolver-spi-1.9.20.jar
2026-04-16 14:02:41,540 [Worker-17: Launching mavenrun-5b91efce-55bb-4be3-ad4c-ec1e5c869d35] INFO  o.eclipse.m2e.core.internal.Bundles - 	Entry: C:\Users\dhars\.p2\pool\plugins\org.eclipse.m2e.maven.runtime_3.9.700.20240602-2313\jars\maven-resolver-transport-file-1.9.20.jar
2026-04-16 14:02:41,540 [Worker-17: Launching mavenrun-5b91efce-55bb-4be3-ad4c-ec1e5c869d35] INFO  o.eclipse.m2e.core.internal.Bundles - 	Entry: C:\Users\dhars\.p2\pool\plugins\org.eclipse.m2e.maven.runtime_3.9.700.20240602-2313\jars\maven-resolver-transport-http-1.9.20.jar
2026-04-16 14:02:41,540 [Worker-17: Launching mavenrun-5b91efce-55bb-4be3-ad4c-ec1e5c869d35] INFO  o.eclipse.m2e.core.internal.Bundles - 	Entry: C:\Users\dhars\.p2\pool\plugins\org.eclipse.m2e.maven.runtime_3.9.700.20240602-2313\jars\maven-resolver-transport-wagon-1.9.20.jar
2026-04-16 14:02:41,540 [Worker-17: Launching mavenrun-5b91efce-55bb-4be3-ad4c-ec1e5c869d35] INFO  o.eclipse.m2e.core.internal.Bundles - 	Entry: C:\Users\dhars\.p2\pool\plugins\org.eclipse.m2e.maven.runtime_3.9.700.20240602-2313\jars\maven-resolver-util-1.9.20.jar
2026-04-16 14:02:41,540 [Worker-17: Launching mavenrun-5b91efce-55bb-4be3-ad4c-ec1e5c869d35] INFO  o.eclipse.m2e.core.internal.Bundles - 	Entry: C:\Users\dhars\.p2\pool\plugins\org.eclipse.m2e.maven.runtime_3.9.700.20240602-2313\jars\maven-settings-3.9.7.jar
2026-04-16 14:02:41,540 [Worker-17: Launching mavenrun-5b91efce-55bb-4be3-ad4c-ec1e5c869d35] INFO  o.eclipse.m2e.core.internal.Bundles - 	Entry: C:\Users\dhars\.p2\pool\plugins\org.eclipse.m2e.maven.runtime_3.9.700.20240602-2313\jars\maven-settings-builder-3.9.7.jar
2026-04-16 14:02:41,540 [Worker-17: Launching mavenrun-5b91efce-55bb-4be3-ad4c-ec1e5c869d35] INFO  o.eclipse.m2e.core.internal.Bundles - 	Entry: C:\Users\dhars\.p2\pool\plugins\org.eclipse.m2e.maven.runtime_3.9.700.20240602-2313\jars\maven-shared-utils-3.4.2.jar
2026-04-16 14:02:41,540 [Worker-17: Launching mavenrun-5b91efce-55bb-4be3-ad4c-ec1e5c869d35] INFO  o.eclipse.m2e.core.internal.Bundles - 	Entry: C:\Users\dhars\.p2\pool\plugins\org.eclipse.m2e.maven.runtime_3.9.700.20240602-2313\jars\org.eclipse.sisu.inject-0.9.0.M2.jar
2026-04-16 14:02:41,540 [Worker-17: Launching mavenrun-5b91efce-55bb-4be3-ad4c-ec1e5c869d35] INFO  o.eclipse.m2e.core.internal.Bundles - 	Entry: C:\Users\dhars\.p2\pool\plugins\org.eclipse.m2e.maven.runtime_3.9.700.20240602-2313\jars\org.eclipse.sisu.plexus-0.9.0.M2.jar
2026-04-16 14:02:41,540 [Worker-17: Launching mavenrun-5b91efce-55bb-4be3-ad4c-ec1e5c869d35] INFO  o.eclipse.m2e.core.internal.Bundles - 	Entry: C:\Users\dhars\.p2\pool\plugins\org.eclipse.m2e.maven.runtime_3.9.700.20240602-2313\jars\plexus-build-api-0.0.7.jar
2026-04-16 14:02:41,541 [Worker-17: Launching mavenrun-5b91efce-55bb-4be3-ad4c-ec1e5c869d35] INFO  o.eclipse.m2e.core.internal.Bundles - 	Entry: C:\Users\dhars\.p2\pool\plugins\org.eclipse.m2e.maven.runtime_3.9.700.20240602-2313\jars\plexus-build-api-1.2.0.jar
2026-04-16 14:02:41,541 [Worker-17: Launching mavenrun-5b91efce-55bb-4be3-ad4c-ec1e5c869d35] INFO  o.eclipse.m2e.core.internal.Bundles - 	Entry: C:\Users\dhars\.p2\pool\plugins\org.eclipse.m2e.maven.runtime_3.9.700.20240602-2313\jars\plexus-cipher-2.0.jar
2026-04-16 14:02:41,541 [Worker-17: Launching mavenrun-5b91efce-55bb-4be3-ad4c-ec1e5c869d35] INFO  o.eclipse.m2e.core.internal.Bundles - 	Entry: C:\Users\dhars\.p2\pool\plugins\org.eclipse.m2e.maven.runtime_3.9.700.20240602-2313\jars\plexus-classworlds-2.8.0.jar
2026-04-16 14:02:41,541 [Worker-17: Launching mavenrun-5b91efce-55bb-4be3-ad4c-ec1e5c869d35] INFO  o.eclipse.m2e.core.internal.Bundles - 	Entry: C:\Users\dhars\.p2\pool\plugins\org.eclipse.m2e.maven.runtime_3.9.700.20240602-2313\jars\plexus-component-annotations-2.1.0.jar
2026-04-16 14:02:41,541 [Worker-17: Launching mavenrun-5b91efce-55bb-4be3-ad4c-ec1e5c869d35] INFO  o.eclipse.m2e.core.internal.Bundles - 	Entry: C:\Users\dhars\.p2\pool\plugins\org.eclipse.m2e.maven.runtime_3.9.700.20240602-2313\jars\plexus-interpolation-1.27.jar
2026-04-16 14:02:41,541 [Worker-17: Launching mavenrun-5b91efce-55bb-4be3-ad4c-ec1e5c869d35] INFO  o.eclipse.m2e.core.internal.Bundles - 	Entry: C:\Users\dhars\.p2\pool\plugins\org.eclipse.m2e.maven.runtime_3.9.700.20240602-2313\jars\plexus-sec-dispatcher-2.0.jar
2026-04-16 14:02:41,541 [Worker-17: Launching mavenrun-5b91efce-55bb-4be3-ad4c-ec1e5c869d35] INFO  o.eclipse.m2e.core.internal.Bundles - 	Entry: C:\Users\dhars\.p2\pool\plugins\org.eclipse.m2e.maven.runtime_3.9.700.20240602-2313\jars\plexus-utils-3.5.1.jar
2026-04-16 14:02:41,541 [Worker-17: Launching mavenrun-5b91efce-55bb-4be3-ad4c-ec1e5c869d35] INFO  o.eclipse.m2e.core.internal.Bundles - 	Entry: C:\Users\dhars\.p2\pool\plugins\org.eclipse.m2e.maven.runtime_3.9.700.20240602-2313\jars\wagon-file-3.5.3.jar
2026-04-16 14:02:41,541 [Worker-17: Launching mavenrun-5b91efce-55bb-4be3-ad4c-ec1e5c869d35] INFO  o.eclipse.m2e.core.internal.Bundles - 	Entry: C:\Users\dhars\.p2\pool\plugins\org.eclipse.m2e.maven.runtime_3.9.700.20240602-2313\jars\wagon-http-3.5.3.jar
2026-04-16 14:02:41,541 [Worker-17: Launching mavenrun-5b91efce-55bb-4be3-ad4c-ec1e5c869d35] INFO  o.eclipse.m2e.core.internal.Bundles - 	Entry: C:\Users\dhars\.p2\pool\plugins\org.eclipse.m2e.maven.runtime_3.9.700.20240602-2313\jars\wagon-http-shared-3.5.3.jar
2026-04-16 14:02:41,542 [Worker-17: Launching mavenrun-5b91efce-55bb-4be3-ad4c-ec1e5c869d35] INFO  o.eclipse.m2e.core.internal.Bundles - 	Entry: C:\Users\dhars\.p2\pool\plugins\org.eclipse.m2e.maven.runtime_3.9.700.20240602-2313\jars\wagon-provider-api-3.5.3.jar
2026-04-16 14:02:41,544 [Worker-17: Launching mavenrun-5b91efce-55bb-4be3-ad4c-ec1e5c869d35] INFO  o.eclipse.m2e.core.internal.Bundles - getClasspathEntries(Bundle=com.google.guava_33.2.0.jre [16])
2026-04-16 14:02:41,544 [Worker-17: Launching mavenrun-5b91efce-55bb-4be3-ad4c-ec1e5c869d35] INFO  o.eclipse.m2e.core.internal.Bundles - 	Entry: C:\Users\dhars\.p2\pool\plugins\com.google.guava_33.2.0.jre.jar
2026-04-16 14:02:41,544 [Worker-17: Launching mavenrun-5b91efce-55bb-4be3-ad4c-ec1e5c869d35] INFO  o.eclipse.m2e.core.internal.Bundles - getClasspathEntries(Bundle=slf4j.api_2.0.13 [639])
2026-04-16 14:02:41,545 [Worker-17: Launching mavenrun-5b91efce-55bb-4be3-ad4c-ec1e5c869d35] INFO  o.eclipse.m2e.core.internal.Bundles - 	Entry: C:\Users\dhars\.p2\pool\plugins\slf4j.api_2.0.13.jar
2026-04-16 14:02:41,545 [Worker-17: Launching mavenrun-5b91efce-55bb-4be3-ad4c-ec1e5c869d35] INFO  o.eclipse.m2e.core.internal.Bundles - getClasspathEntries(Bundle=jakarta.inject.jakarta.inject-api_1.0.5 [29])
2026-04-16 14:02:41,545 [Worker-17: Launching mavenrun-5b91efce-55bb-4be3-ad4c-ec1e5c869d35] INFO  o.eclipse.m2e.core.internal.Bundles - 	Entry: C:\Users\dhars\.p2\pool\plugins\jakarta.inject.jakarta.inject-api_1.0.5.jar
2026-04-16 14:02:41,545 [Worker-17: Launching mavenrun-5b91efce-55bb-4be3-ad4c-ec1e5c869d35] INFO  o.eclipse.m2e.core.internal.Bundles - getClasspathEntries(Bundle=javax.annotation_1.3.5.v20200909-1856 [32])
2026-04-16 14:02:41,545 [Worker-17: Launching mavenrun-5b91efce-55bb-4be3-ad4c-ec1e5c869d35] INFO  o.eclipse.m2e.core.internal.Bundles - 	Entry: C:\Users\dhars\.p2\pool\plugins\javax.annotation_1.3.5.v20200909-1856.jar
2026-04-16 14:02:41,545 [Worker-17: Launching mavenrun-5b91efce-55bb-4be3-ad4c-ec1e5c869d35] INFO  o.eclipse.m2e.core.internal.Bundles - getClasspathEntries(Bundle=org.apache.commons.cli_1.8.0 [56])
2026-04-16 14:02:41,546 [Worker-17: Launching mavenrun-5b91efce-55bb-4be3-ad4c-ec1e5c869d35] INFO  o.eclipse.m2e.core.internal.Bundles - 	Entry: C:\Users\dhars\.p2\pool\plugins\org.apache.commons.cli_1.8.0.jar
2026-04-16 14:02:41,546 [Worker-17: Launching mavenrun-5b91efce-55bb-4be3-ad4c-ec1e5c869d35] INFO  o.eclipse.m2e.core.internal.Bundles - getClasspathEntries(Bundle=org.apache.commons.commons-codec_1.16.0 [57])
2026-04-16 14:02:41,546 [Worker-17: Launching mavenrun-5b91efce-55bb-4be3-ad4c-ec1e5c869d35] INFO  o.eclipse.m2e.core.internal.Bundles - 	Entry: C:\Users\dhars\.p2\pool\plugins\org.apache.commons.commons-codec_1.16.0.jar
2026-04-16 14:02:41,546 [Worker-17: Launching mavenrun-5b91efce-55bb-4be3-ad4c-ec1e5c869d35] INFO  o.eclipse.m2e.core.internal.Bundles - getClasspathEntries(Bundle=org.apache.commons.lang3_3.14.0 [61])
2026-04-16 14:02:41,546 [Worker-17: Launching mavenrun-5b91efce-55bb-4be3-ad4c-ec1e5c869d35] INFO  o.eclipse.m2e.core.internal.Bundles - 	Entry: C:\Users\dhars\.p2\pool\plugins\org.apache.commons.lang3_3.14.0.jar
2026-04-16 14:02:41,546 [Worker-17: Launching mavenrun-5b91efce-55bb-4be3-ad4c-ec1e5c869d35] INFO  o.eclipse.m2e.core.internal.Bundles - getClasspathEntries(Bundle=com.google.guava.failureaccess_1.0.2 [17])
2026-04-16 14:02:41,546 [Worker-17: Launching mavenrun-5b91efce-55bb-4be3-ad4c-ec1e5c869d35] INFO  o.eclipse.m2e.core.internal.Bundles - 	Entry: C:\Users\dhars\.p2\pool\plugins\com.google.guava.failureaccess_1.0.2.jar
2026-04-16 14:02:41,555 [Worker-17: Launching mavenrun-5b91efce-55bb-4be3-ad4c-ec1e5c869d35] INFO  o.e.m.i.launch.MavenLaunchDelegate - Run build in "C:\Users\dhars\AppData\Local\Temp\m2e-archetypeGenerator15230774634081440433":
2026-04-16 14:02:41,558 [Worker-17: Launching mavenrun-5b91efce-55bb-4be3-ad4c-ec1e5c869d35] INFO  o.e.m.i.launch.MavenLaunchDelegate -  mvn  -DarchetypeGroupId=org.apache.maven.archetypes -DarchetypeArtifactId=maven-archetype-quickstart -DarchetypeVersion=1.1 -DgroupId=org.expleo -DartifactId=SeleniumAndTesting -Dversion=0.0.1-SNAPSHOT -Dpackage=org.expleo.SeleniumAndTesting -DoutputDirectory=C:\Users\dhars\Documents\SeleniumAndTesting -Dstyle.color=always -U archetype:generate
2026-04-16 14:03:12,628 [Worker-13: Creating maven-archetype-quickstart] INFO  o.e.m.c.i.p.ProjectConfigurationManager - Collecting project info '/pom.xml' C:\Users\dhars\Documents\SeleniumAndTesting\SeleniumAndTesting\pom.xml
2026-04-16 14:03:13,097 [Worker-13: Creating maven-archetype-quickstart] INFO  o.e.m.c.i.l.LifecycleMappingFactory - Using org.eclipse.m2e.jdt.JarLifecycleMapping lifecycle mapping for MavenProject: org.expleo:SeleniumAndTesting:0.0.1-SNAPSHOT @ C:\Users\dhars\Documents\SeleniumAndTesting\SeleniumAndTesting\pom.xml.
2026-04-16 14:03:13,673 [Worker-13: Creating maven-archetype-quickstart] INFO  o.e.m.j.i.AbstractJavaProjectConfigurator - Adding source folder /SeleniumAndTesting/src/main/java
2026-04-16 14:03:13,674 [Worker-13: Creating maven-archetype-quickstart] INFO  o.e.m.j.i.AbstractJavaProjectConfigurator - Adding resource folder /SeleniumAndTesting/src/main/resources
2026-04-16 14:03:13,677 [Worker-13: Creating maven-archetype-quickstart] INFO  o.e.m.j.i.AbstractJavaProjectConfigurator - Adding source folder /SeleniumAndTesting/src/test/java
2026-04-16 14:03:13,678 [Worker-13: Creating maven-archetype-quickstart] INFO  o.e.m.j.i.AbstractJavaProjectConfigurator - Adding resource folder /SeleniumAndTesting/src/test/resources
2026-04-16 14:03:13,756 [Worker-13: Creating maven-archetype-quickstart] INFO  o.e.m.c.i.p.ProjectConfigurationManager - Imported and configured 1 project(s) in 1 sec
2026-04-16 14:03:14,669 [Worker-16: Building] INFO  o.a.m.s.f.DefaultMavenResourcesFiltering - skip non existing resourceDirectory C:\Users\dhars\Documents\SeleniumAndTesting\SeleniumAndTesting\src\main\resources
2026-04-16 14:03:14,674 [Worker-16: Building] INFO  o.a.m.s.f.DefaultMavenResourcesFiltering - skip non existing resourceDirectory C:\Users\dhars\Documents\SeleniumAndTesting\SeleniumAndTesting\src\test\resources
2026-04-16 14:04:27,776 [Worker-5: Building] INFO  o.e.m.c.i.l.LifecycleMappingFactory - Using org.eclipse.m2e.jdt.JarLifecycleMapping lifecycle mapping for MavenProject: org.expleo:SeleniumAndTesting:0.0.1-SNAPSHOT @ C:\Users\dhars\Documents\SeleniumAndTesting\SeleniumAndTesting\pom.xml.
2026-04-16 14:04:28,045 [Worker-5: Building] INFO  o.a.m.s.f.DefaultMavenResourcesFiltering - skip non existing resourceDirectory C:\Users\dhars\Documents\SeleniumAndTesting\SeleniumAndTesting\src\main\resources
2026-04-16 14:04:28,048 [Worker-5: Building] INFO  o.a.m.s.f.DefaultMavenResourcesFiltering - skip non existing resourceDirectory C:\Users\dhars\Documents\SeleniumAndTesting\SeleniumAndTesting\src\test\resources
2026-04-16 14:04:29,653 [Worker-19: Building] INFO  o.a.m.s.f.DefaultMavenResourcesFiltering - skip non existing resourceDirectory C:\Users\dhars\Documents\SeleniumAndTesting\SeleniumAndTesting\src\main\resources
2026-04-16 14:04:29,655 [Worker-19: Building] INFO  o.a.m.s.f.DefaultMavenResourcesFiltering - skip non existing resourceDirectory C:\Users\dhars\Documents\SeleniumAndTesting\SeleniumAndTesting\src\test\resources
2026-04-16 14:04:57,499 [Worker-5: Building] INFO  o.e.m.c.i.l.LifecycleMappingFactory - Using org.eclipse.m2e.jdt.JarLifecycleMapping lifecycle mapping for MavenProject: org.expleo:SeleniumAndTesting:0.0.1-SNAPSHOT @ C:\Users\dhars\Documents\SeleniumAndTesting\SeleniumAndTesting\pom.xml.
2026-04-16 14:04:57,935 [Worker-5: Building] INFO  o.e.m.c.i.e.AbstractTransferListenerAdapter - Downloading https://repo.maven.apache.org/maven2/org/testng/testng/7.12.0/testng-7.12.0.pom
2026-04-16 14:04:57,946 [Worker-5: Building] INFO  o.e.m.c.i.e.AbstractTransferListenerAdapter - Downloaded https://repo.maven.apache.org/maven2/org/testng/testng/7.12.0/testng-7.12.0.pom
2026-04-16 14:04:57,998 [Worker-5: Building] INFO  o.e.m.c.i.e.AbstractTransferListenerAdapter - Downloading https://repo.maven.apache.org/maven2/org/slf4j/slf4j-api/2.0.16/slf4j-api-2.0.16.pom
2026-04-16 14:04:58,000 [Worker-5: Building] INFO  o.e.m.c.i.e.AbstractTransferListenerAdapter - Downloaded https://repo.maven.apache.org/maven2/org/slf4j/slf4j-api/2.0.16/slf4j-api-2.0.16.pom
2026-04-16 14:04:58,036 [Worker-5: Building] INFO  o.e.m.c.i.e.AbstractTransferListenerAdapter - Downloading https://repo.maven.apache.org/maven2/org/slf4j/slf4j-parent/2.0.16/slf4j-parent-2.0.16.pom
2026-04-16 14:04:58,043 [Worker-5: Building] INFO  o.e.m.c.i.e.AbstractTransferListenerAdapter - Downloaded https://repo.maven.apache.org/maven2/org/slf4j/slf4j-parent/2.0.16/slf4j-parent-2.0.16.pom
2026-04-16 14:04:58,083 [Worker-5: Building] INFO  o.e.m.c.i.e.AbstractTransferListenerAdapter - Downloading https://repo.maven.apache.org/maven2/org/slf4j/slf4j-bom/2.0.16/slf4j-bom-2.0.16.pom
2026-04-16 14:04:58,090 [Worker-5: Building] INFO  o.e.m.c.i.e.AbstractTransferListenerAdapter - Downloaded https://repo.maven.apache.org/maven2/org/slf4j/slf4j-bom/2.0.16/slf4j-bom-2.0.16.pom
2026-04-16 14:04:58,131 [Worker-5: Building] INFO  o.e.m.c.i.e.AbstractTransferListenerAdapter - Downloading https://repo.maven.apache.org/maven2/org/jcommander/jcommander/1.83/jcommander-1.83.pom
2026-04-16 14:04:58,139 [Worker-5: Building] INFO  o.e.m.c.i.e.AbstractTransferListenerAdapter - Downloaded https://repo.maven.apache.org/maven2/org/jcommander/jcommander/1.83/jcommander-1.83.pom
2026-04-16 14:04:58,187 [Worker-5: Building] INFO  o.e.m.c.i.e.AbstractTransferListenerAdapter - Downloading https://repo.maven.apache.org/maven2/org/webjars/jquery/3.7.1/jquery-3.7.1.pom
2026-04-16 14:04:58,192 [Worker-5: Building] INFO  o.e.m.c.i.e.AbstractTransferListenerAdapter - Downloaded https://repo.maven.apache.org/maven2/org/webjars/jquery/3.7.1/jquery-3.7.1.pom
2026-04-16 14:04:58,266 [Worker-5: Building] INFO  o.e.m.c.i.e.AbstractTransferListenerAdapter - Downloading https://repo.maven.apache.org/maven2/org/testng/testng/7.12.0/testng-7.12.0.jar
2026-04-16 14:04:58,696 [Worker-5: Building] INFO  o.e.m.c.i.e.AbstractTransferListenerAdapter - Downloaded https://repo.maven.apache.org/maven2/org/testng/testng/7.12.0/testng-7.12.0.jar
2026-04-16 14:04:58,734 [BasicRepositoryConnector-repo.maven.apache.org-0-0] INFO  o.e.m.c.i.e.AbstractTransferListenerAdapter - Downloading https://repo.maven.apache.org/maven2/org/slf4j/slf4j-api/2.0.16/slf4j-api-2.0.16.jar
2026-04-16 14:04:58,771 [BasicRepositoryConnector-repo.maven.apache.org-0-0] INFO  o.e.m.c.i.e.AbstractTransferListenerAdapter - Downloaded https://repo.maven.apache.org/maven2/org/slf4j/slf4j-api/2.0.16/slf4j-api-2.0.16.jar
2026-04-16 14:04:58,808 [BasicRepositoryConnector-repo.maven.apache.org-0-1] INFO  o.e.m.c.i.e.AbstractTransferListenerAdapter - Downloading https://repo.maven.apache.org/maven2/org/jcommander/jcommander/1.83/jcommander-1.83.jar
2026-04-16 14:04:58,808 [BasicRepositoryConnector-repo.maven.apache.org-0-2] INFO  o.e.m.c.i.e.AbstractTransferListenerAdapter - Downloading https://repo.maven.apache.org/maven2/org/webjars/jquery/3.7.1/jquery-3.7.1.jar
2026-04-16 14:04:58,847 [BasicRepositoryConnector-repo.maven.apache.org-0-1] INFO  o.e.m.c.i.e.AbstractTransferListenerAdapter - Downloaded https://repo.maven.apache.org/maven2/org/jcommander/jcommander/1.83/jcommander-1.83.jar
2026-04-16 14:04:58,985 [BasicRepositoryConnector-repo.maven.apache.org-0-2] INFO  o.e.m.c.i.e.AbstractTransferListenerAdapter - Downloaded https://repo.maven.apache.org/maven2/org/webjars/jquery/3.7.1/jquery-3.7.1.jar
2026-04-16 14:04:59,136 [Worker-5: Building] INFO  o.a.m.s.f.DefaultMavenResourcesFiltering - skip non existing resourceDirectory C:\Users\dhars\Documents\SeleniumAndTesting\SeleniumAndTesting\src\main\resources
2026-04-16 14:04:59,141 [Worker-5: Building] INFO  o.a.m.s.f.DefaultMavenResourcesFiltering - skip non existing resourceDirectory C:\Users\dhars\Documents\SeleniumAndTesting\SeleniumAndTesting\src\test\resources
2026-04-16 14:05:00,190 [Worker-6: Download sources and javadoc] INFO  o.e.m.c.i.e.AbstractTransferListenerAdapter - Downloading https://repo.maven.apache.org/maven2/org/testng/testng/7.12.0/testng-7.12.0-sources.jar
2026-04-16 14:05:00,400 [Worker-6: Download sources and javadoc] INFO  o.e.m.c.i.e.AbstractTransferListenerAdapter - Downloaded https://repo.maven.apache.org/maven2/org/testng/testng/7.12.0/testng-7.12.0-sources.jar
2026-04-16 14:05:00,405 [Worker-6: Download sources and javadoc] INFO  o.e.m.j.internal.DownloadSourcesJob - Downloaded sources for org.testng:testng:7.12.0
2026-04-16 14:05:00,554 [Worker-14: Building] INFO  o.a.m.s.f.DefaultMavenResourcesFiltering - skip non existing resourceDirectory C:\Users\dhars\Documents\SeleniumAndTesting\SeleniumAndTesting\src\main\resources
2026-04-16 14:05:00,555 [Worker-14: Building] INFO  o.a.m.s.f.DefaultMavenResourcesFiltering - skip non existing resourceDirectory C:\Users\dhars\Documents\SeleniumAndTesting\SeleniumAndTesting\src\test\resources
2026-04-16 14:05:00,565 [Worker-6: Download sources and javadoc] INFO  o.e.m.c.i.e.AbstractTransferListenerAdapter - Downloading https://repo.maven.apache.org/maven2/org/slf4j/slf4j-api/2.0.16/slf4j-api-2.0.16-sources.jar
2026-04-16 14:05:00,606 [Worker-6: Download sources and javadoc] INFO  o.e.m.c.i.e.AbstractTransferListenerAdapter - Downloaded https://repo.maven.apache.org/maven2/org/slf4j/slf4j-api/2.0.16/slf4j-api-2.0.16-sources.jar
2026-04-16 14:05:00,609 [Worker-6: Download sources and javadoc] INFO  o.e.m.j.internal.DownloadSourcesJob - Downloaded sources for org.slf4j:slf4j-api:2.0.16
2026-04-16 14:05:00,741 [Worker-6: Download sources and javadoc] INFO  o.e.m.c.i.e.AbstractTransferListenerAdapter - Downloading https://repo.maven.apache.org/maven2/org/jcommander/jcommander/1.83/jcommander-1.83-sources.jar
2026-04-16 14:05:00,773 [Worker-6: Download sources and javadoc] INFO  o.e.m.c.i.e.AbstractTransferListenerAdapter - Downloaded https://repo.maven.apache.org/maven2/org/jcommander/jcommander/1.83/jcommander-1.83-sources.jar
2026-04-16 14:05:00,778 [Worker-6: Download sources and javadoc] INFO  o.e.m.j.internal.DownloadSourcesJob - Downloaded sources for org.jcommander:jcommander:1.83
2026-04-16 14:05:00,909 [Worker-6: Download sources and javadoc] INFO  o.e.m.c.i.e.AbstractTransferListenerAdapter - Downloading https://repo.maven.apache.org/maven2/org/webjars/jquery/3.7.1/jquery-3.7.1-sources.jar
2026-04-16 14:05:00,915 [Worker-6: Download sources and javadoc] INFO  o.e.m.c.i.e.AbstractTransferListenerAdapter - Downloaded https://repo.maven.apache.org/maven2/org/webjars/jquery/3.7.1/jquery-3.7.1-sources.jar
2026-04-16 14:05:00,921 [Worker-6: Download sources and javadoc] INFO  o.e.m.j.internal.DownloadSourcesJob - Downloaded sources for org.webjars:jquery:3.7.1
2026-04-16 14:08:19,828 [Worker-20: Building] INFO  o.a.m.s.f.DefaultMavenResourcesFiltering - skip non existing resourceDirectory C:\Users\dhars\Documents\SeleniumAndTesting\SeleniumAndTesting\src\main\resources
2026-04-16 14:08:19,830 [Worker-20: Building] INFO  o.a.m.s.f.DefaultMavenResourcesFiltering - skip non existing resourceDirectory C:\Users\dhars\Documents\SeleniumAndTesting\SeleniumAndTesting\src\test\resources
2026-04-16 14:09:27,237 [Worker-31: Building] INFO  o.e.m.c.i.l.LifecycleMappingFactory - Using org.eclipse.m2e.jdt.JarLifecycleMapping lifecycle mapping for MavenProject: com.expleo:SeleniumBasics:0.0.1-SNAPSHOT @ C:\Users\dhars\Documents\JAVA_EXPLEO_Training\Java Selenium folder\SeleniumBasics\pom.xml.
2026-04-16 14:09:27,647 [Worker-31: Building] INFO  o.a.m.s.f.DefaultMavenResourcesFiltering - skip non existing resourceDirectory C:\Users\dhars\Documents\JAVA_EXPLEO_Training\Java Selenium folder\SeleniumBasics\src\main\resources
2026-04-16 14:09:27,651 [Worker-31: Building] INFO  o.a.m.s.f.DefaultMavenResourcesFiltering - skip non existing resourceDirectory C:\Users\dhars\Documents\JAVA_EXPLEO_Training\Java Selenium folder\SeleniumBasics\src\test\resources
2026-04-16 14:09:28,289 [Worker-29: Updating Maven Dependencies] INFO  o.e.m.c.i.l.LifecycleMappingFactory - Using org.eclipse.m2e.jdt.JarLifecycleMapping lifecycle mapping for MavenProject: com.expleo:SeleniumBasics:0.0.1-SNAPSHOT @ C:\Users\dhars\Documents\JAVA_EXPLEO_Training\Java Selenium folder\SeleniumBasics\pom.xml.
2026-04-16 14:09:29,469 [Worker-35: Building] INFO  o.a.m.s.f.DefaultMavenResourcesFiltering - skip non existing resourceDirectory C:\Users\dhars\Documents\JAVA_EXPLEO_Training\Java Selenium folder\SeleniumBasics\src\main\resources
2026-04-16 14:09:29,471 [Worker-35: Building] INFO  o.a.m.s.f.DefaultMavenResourcesFiltering - skip non existing resourceDirectory C:\Users\dhars\Documents\JAVA_EXPLEO_Training\Java Selenium folder\SeleniumBasics\src\test\resources
2026-04-16 14:33:12,829 [Worker-46: Launching TestNG_Demo] INFO  o.a.m.s.f.DefaultMavenResourcesFiltering - skip non existing resourceDirectory C:\Users\dhars\Documents\SeleniumAndTesting\SeleniumAndTesting\src\main\resources
2026-04-16 14:33:12,831 [Worker-46: Launching TestNG_Demo] INFO  o.a.m.s.f.DefaultMavenResourcesFiltering - skip non existing resourceDirectory C:\Users\dhars\Documents\SeleniumAndTesting\SeleniumAndTesting\src\test\resources
2026-04-16 14:33:46,578 [Worker-48: Building] INFO  o.a.m.s.f.DefaultMavenResourcesFiltering - skip non existing resourceDirectory C:\Users\dhars\Documents\SeleniumAndTesting\SeleniumAndTesting\src\main\resources
2026-04-16 14:33:46,581 [Worker-48: Building] INFO  o.a.m.s.f.DefaultMavenResourcesFiltering - skip non existing resourceDirectory C:\Users\dhars\Documents\SeleniumAndTesting\SeleniumAndTesting\src\test\resources
2026-04-16 14:34:34,030 [Worker-43: Building] INFO  o.a.m.s.f.DefaultMavenResourcesFiltering - skip non existing resourceDirectory C:\Users\dhars\Documents\SeleniumAndTesting\SeleniumAndTesting\src\main\resources
2026-04-16 14:34:34,034 [Worker-43: Building] INFO  o.a.m.s.f.DefaultMavenResourcesFiltering - skip non existing resourceDirectory C:\Users\dhars\Documents\SeleniumAndTesting\SeleniumAndTesting\src\test\resources
2026-04-16 14:34:44,232 [Worker-46: Building] INFO  o.a.m.s.f.DefaultMavenResourcesFiltering - skip non existing resourceDirectory C:\Users\dhars\Documents\SeleniumAndTesting\SeleniumAndTesting\src\main\resources
2026-04-16 14:34:44,234 [Worker-46: Building] INFO  o.a.m.s.f.DefaultMavenResourcesFiltering - skip non existing resourceDirectory C:\Users\dhars\Documents\SeleniumAndTesting\SeleniumAndTesting\src\test\resources
2026-04-16 14:36:03,702 [Worker-45: Launching TestNG_Demo] INFO  o.a.m.s.f.DefaultMavenResourcesFiltering - skip non existing resourceDirectory C:\Users\dhars\Documents\SeleniumAndTesting\SeleniumAndTesting\src\main\resources
2026-04-16 14:36:03,705 [Worker-45: Launching TestNG_Demo] INFO  o.a.m.s.f.DefaultMavenResourcesFiltering - skip non existing resourceDirectory C:\Users\dhars\Documents\SeleniumAndTesting\SeleniumAndTesting\src\test\resources
2026-04-16 14:39:23,913 [Worker-50: Building] INFO  o.a.m.s.f.DefaultMavenResourcesFiltering - skip non existing resourceDirectory C:\Users\dhars\Documents\SeleniumAndTesting\SeleniumAndTesting\src\main\resources
2026-04-16 14:39:23,914 [Worker-50: Building] INFO  o.a.m.s.f.DefaultMavenResourcesFiltering - skip non existing resourceDirectory C:\Users\dhars\Documents\SeleniumAndTesting\SeleniumAndTesting\src\test\resources
2026-04-16 14:47:31,523 [Worker-55: Building] INFO  o.a.m.s.f.DefaultMavenResourcesFiltering - skip non existing resourceDirectory C:\Users\dhars\Documents\SeleniumAndTesting\SeleniumAndTesting\src\main\resources
2026-04-16 14:47:31,525 [Worker-55: Building] INFO  o.a.m.s.f.DefaultMavenResourcesFiltering - skip non existing resourceDirectory C:\Users\dhars\Documents\SeleniumAndTesting\SeleniumAndTesting\src\test\resources
2026-04-16 14:48:09,024 [Worker-58: Building] INFO  o.a.m.s.f.DefaultMavenResourcesFiltering - skip non existing resourceDirectory C:\Users\dhars\Documents\SeleniumAndTesting\SeleniumAndTesting\src\main\resources
2026-04-16 14:48:09,025 [Worker-58: Building] INFO  o.a.m.s.f.DefaultMavenResourcesFiltering - skip non existing resourceDirectory C:\Users\dhars\Documents\SeleniumAndTesting\SeleniumAndTesting\src\test\resources
2026-04-16 14:48:55,461 [Worker-54: Building] INFO  o.a.m.s.f.DefaultMavenResourcesFiltering - skip non existing resourceDirectory C:\Users\dhars\Documents\SeleniumAndTesting\SeleniumAndTesting\src\main\resources
2026-04-16 14:48:55,464 [Worker-54: Building] INFO  o.a.m.s.f.DefaultMavenResourcesFiltering - skip non existing resourceDirectory C:\Users\dhars\Documents\SeleniumAndTesting\SeleniumAndTesting\src\test\resources
2026-04-16 14:49:02,916 [Worker-59: Building] INFO  o.a.m.s.f.DefaultMavenResourcesFiltering - skip non existing resourceDirectory C:\Users\dhars\Documents\SeleniumAndTesting\SeleniumAndTesting\src\main\resources
2026-04-16 14:49:02,918 [Worker-59: Building] INFO  o.a.m.s.f.DefaultMavenResourcesFiltering - skip non existing resourceDirectory C:\Users\dhars\Documents\SeleniumAndTesting\SeleniumAndTesting\src\test\resources
2026-04-16 14:49:36,391 [Worker-55: Building] INFO  o.a.m.s.f.DefaultMavenResourcesFiltering - skip non existing resourceDirectory C:\Users\dhars\Documents\SeleniumAndTesting\SeleniumAndTesting\src\main\resources
2026-04-16 14:49:36,392 [Worker-55: Building] INFO  o.a.m.s.f.DefaultMavenResourcesFiltering - skip non existing resourceDirectory C:\Users\dhars\Documents\SeleniumAndTesting\SeleniumAndTesting\src\test\resources
2026-04-16 14:49:56,922 [Worker-54: Building] INFO  o.a.m.s.f.DefaultMavenResourcesFiltering - skip non existing resourceDirectory C:\Users\dhars\Documents\SeleniumAndTesting\SeleniumAndTesting\src\main\resources
2026-04-16 14:49:56,923 [Worker-54: Building] INFO  o.a.m.s.f.DefaultMavenResourcesFiltering - skip non existing resourceDirectory C:\Users\dhars\Documents\SeleniumAndTesting\SeleniumAndTesting\src\test\resources
2026-04-16 15:41:52,455 [Worker-69: Building] INFO  o.a.m.s.f.DefaultMavenResourcesFiltering - skip non existing resourceDirectory C:\Users\dhars\Documents\SeleniumAndTesting\SeleniumAndTesting\src\main\resources
2026-04-16 15:41:52,459 [Worker-69: Building] INFO  o.a.m.s.f.DefaultMavenResourcesFiltering - skip non existing resourceDirectory C:\Users\dhars\Documents\SeleniumAndTesting\SeleniumAndTesting\src\test\resources
2026-04-16 15:45:16,114 [Worker-69: Building] INFO  o.a.m.s.f.DefaultMavenResourcesFiltering - skip non existing resourceDirectory C:\Users\dhars\Documents\SeleniumAndTesting\SeleniumAndTesting\src\main\resources
2026-04-16 15:45:16,118 [Worker-69: Building] INFO  o.a.m.s.f.DefaultMavenResourcesFiltering - skip non existing resourceDirectory C:\Users\dhars\Documents\SeleniumAndTesting\SeleniumAndTesting\src\test\resources
2026-04-16 15:47:27,160 [Worker-74: Building] INFO  o.a.m.s.f.DefaultMavenResourcesFiltering - skip non existing resourceDirectory C:\Users\dhars\Documents\SeleniumAndTesting\SeleniumAndTesting\src\main\resources
2026-04-16 15:47:27,162 [Worker-74: Building] INFO  o.a.m.s.f.DefaultMavenResourcesFiltering - skip non existing resourceDirectory C:\Users\dhars\Documents\SeleniumAndTesting\SeleniumAndTesting\src\test\resources
2026-04-16 15:49:23,937 [Worker-76: Building] INFO  o.a.m.s.f.DefaultMavenResourcesFiltering - skip non existing resourceDirectory C:\Users\dhars\Documents\SeleniumAndTesting\SeleniumAndTesting\src\main\resources
2026-04-16 15:49:23,939 [Worker-76: Building] INFO  o.a.m.s.f.DefaultMavenResourcesFiltering - skip non existing resourceDirectory C:\Users\dhars\Documents\SeleniumAndTesting\SeleniumAndTesting\src\test\resources
2026-04-16 16:31:32,012 [Worker-82: Building] INFO  o.a.m.s.f.DefaultMavenResourcesFiltering - skip non existing resourceDirectory C:\Users\dhars\Documents\JAVA_EXPLEO_Training\Java Selenium folder\SeleniumBasics\src\main\resources
2026-04-16 16:31:32,017 [Worker-82: Building] INFO  o.a.m.s.f.DefaultMavenResourcesFiltering - skip non existing resourceDirectory C:\Users\dhars\Documents\JAVA_EXPLEO_Training\Java Selenium folder\SeleniumBasics\src\test\resources
2026-04-16 16:32:19,453 [Worker-83: Launching Assessment_Question] INFO  o.a.m.s.f.DefaultMavenResourcesFiltering - skip non existing resourceDirectory C:\Users\dhars\Documents\JAVA_EXPLEO_Training\Java Selenium folder\SeleniumBasics\src\main\resources
2026-04-16 16:32:19,456 [Worker-83: Launching Assessment_Question] INFO  o.a.m.s.f.DefaultMavenResourcesFiltering - skip non existing resourceDirectory C:\Users\dhars\Documents\JAVA_EXPLEO_Training\Java Selenium folder\SeleniumBasics\src\test\resources
2026-04-16 16:33:30,431 [Worker-82: Building] INFO  o.a.m.s.f.DefaultMavenResourcesFiltering - skip non existing resourceDirectory C:\Users\dhars\Documents\JAVA_EXPLEO_Training\Java Selenium folder\SeleniumBasics\src\main\resources
2026-04-16 16:33:30,433 [Worker-82: Building] INFO  o.a.m.s.f.DefaultMavenResourcesFiltering - skip non existing resourceDirectory C:\Users\dhars\Documents\JAVA_EXPLEO_Training\Java Selenium folder\SeleniumBasics\src\test\resources
2026-04-16 16:33:34,089 [Worker-82: Building] INFO  o.a.m.s.f.DefaultMavenResourcesFiltering - skip non existing resourceDirectory C:\Users\dhars\Documents\JAVA_EXPLEO_Training\Java Selenium folder\SeleniumBasics\src\main\resources
2026-04-16 16:33:34,090 [Worker-82: Building] INFO  o.a.m.s.f.DefaultMavenResourcesFiltering - skip non existing resourceDirectory C:\Users\dhars\Documents\JAVA_EXPLEO_Training\Java Selenium folder\SeleniumBasics\src\test\resources
2026-04-16 16:34:27,666 [Worker-81: Building] INFO  o.a.m.s.f.DefaultMavenResourcesFiltering - skip non existing resourceDirectory C:\Users\dhars\Documents\JAVA_EXPLEO_Training\Java Selenium folder\SeleniumBasics\src\main\resources
2026-04-16 16:34:27,668 [Worker-81: Building] INFO  o.a.m.s.f.DefaultMavenResourcesFiltering - skip non existing resourceDirectory C:\Users\dhars\Documents\JAVA_EXPLEO_Training\Java Selenium folder\SeleniumBasics\src\test\resources
2026-04-16 16:35:06,759 [Worker-68: Building] INFO  o.a.m.s.f.DefaultMavenResourcesFiltering - skip non existing resourceDirectory C:\Users\dhars\Documents\JAVA_EXPLEO_Training\Java Selenium folder\SeleniumBasics\src\main\resources
2026-04-16 16:35:06,763 [Worker-68: Building] INFO  o.a.m.s.f.DefaultMavenResourcesFiltering - skip non existing resourceDirectory C:\Users\dhars\Documents\JAVA_EXPLEO_Training\Java Selenium folder\SeleniumBasics\src\test\resources
2026-04-16 19:12:22,810 [Worker-7: Loading available Gradle versions] INFO  o.e.b.c.i.u.g.PublishedGradleVersions - Gradle version information cache is up-to-date. Trying to read.
2026-04-16 19:12:48,795 [Worker-16: Launching Assessment_Question] INFO  o.a.m.s.f.DefaultMavenResourcesFiltering - skip non existing resourceDirectory C:\Users\dhars\Documents\JAVA_EXPLEO_Training\Java Selenium folder\SeleniumBasics\src\main\resources
2026-04-16 19:12:48,801 [Worker-16: Launching Assessment_Question] INFO  o.a.m.s.f.DefaultMavenResourcesFiltering - skip non existing resourceDirectory C:\Users\dhars\Documents\JAVA_EXPLEO_Training\Java Selenium folder\SeleniumBasics\src\test\resources
2026-04-16 19:14:35,969 [Worker-4: Building] INFO  o.a.m.s.f.DefaultMavenResourcesFiltering - skip non existing resourceDirectory C:\Users\dhars\Documents\JAVA_EXPLEO_Training\Java Selenium folder\SeleniumBasics\src\main\resources
2026-04-16 19:14:35,972 [Worker-4: Building] INFO  o.a.m.s.f.DefaultMavenResourcesFiltering - skip non existing resourceDirectory C:\Users\dhars\Documents\JAVA_EXPLEO_Training\Java Selenium folder\SeleniumBasics\src\test\resources
2026-04-16 19:15:26,006 [Worker-13: Building] INFO  o.a.m.s.f.DefaultMavenResourcesFiltering - skip non existing resourceDirectory C:\Users\dhars\Documents\JAVA_EXPLEO_Training\Java Selenium folder\SeleniumBasics\src\main\resources
2026-04-16 19:15:26,008 [Worker-13: Building] INFO  o.a.m.s.f.DefaultMavenResourcesFiltering - skip non existing resourceDirectory C:\Users\dhars\Documents\JAVA_EXPLEO_Training\Java Selenium folder\SeleniumBasics\src\test\resources
2026-04-16 19:15:37,358 [Worker-15: Building] INFO  o.a.m.s.f.DefaultMavenResourcesFiltering - skip non existing resourceDirectory C:\Users\dhars\Documents\JAVA_EXPLEO_Training\Java Selenium folder\SeleniumBasics\src\main\resources
2026-04-16 19:15:37,360 [Worker-15: Building] INFO  o.a.m.s.f.DefaultMavenResourcesFiltering - skip non existing resourceDirectory C:\Users\dhars\Documents\JAVA_EXPLEO_Training\Java Selenium folder\SeleniumBasics\src\test\resources
2026-04-16 19:16:29,627 [Worker-23: Building] INFO  o.a.m.s.f.DefaultMavenResourcesFiltering - skip non existing resourceDirectory C:\Users\dhars\Documents\JAVA_EXPLEO_Training\Java Selenium folder\SeleniumBasics\src\main\resources
2026-04-16 19:16:29,632 [Worker-23: Building] INFO  o.a.m.s.f.DefaultMavenResourcesFiltering - skip non existing resourceDirectory C:\Users\dhars\Documents\JAVA_EXPLEO_Training\Java Selenium folder\SeleniumBasics\src\test\resources
2026-04-17 09:58:16,410 [Worker-4: Loading available Gradle versions] INFO  o.e.b.c.i.u.g.PublishedGradleVersions - Gradle version information cache is up-to-date. Trying to read.
2026-04-17 09:58:19,610 [Worker-8: Building] INFO  o.a.m.s.f.DefaultMavenResourcesFiltering - skip non existing resourceDirectory C:\Users\dhars\Documents\JAVA_EXPLEO_Training\Java Selenium folder\SeleniumBasics\src\main\resources
2026-04-17 09:58:19,615 [Worker-8: Building] INFO  o.a.m.s.f.DefaultMavenResourcesFiltering - skip non existing resourceDirectory C:\Users\dhars\Documents\JAVA_EXPLEO_Training\Java Selenium folder\SeleniumBasics\src\test\resources
2026-04-17 09:59:18,446 [Worker-2: Building] INFO  o.a.m.s.f.DefaultMavenResourcesFiltering - skip non existing resourceDirectory C:\Users\dhars\Documents\SeleniumAndTesting\SeleniumAndTesting\src\main\resources
2026-04-17 09:59:18,448 [Worker-2: Building] INFO  o.a.m.s.f.DefaultMavenResourcesFiltering - skip non existing resourceDirectory C:\Users\dhars\Documents\SeleniumAndTesting\SeleniumAndTesting\src\test\resources
2026-04-17 10:03:57,092 [Worker-30: Building] INFO  o.a.m.s.f.DefaultMavenResourcesFiltering - skip non existing resourceDirectory C:\Users\dhars\Documents\SeleniumAndTesting\SeleniumAndTesting\src\main\resources
2026-04-17 10:03:57,093 [Worker-30: Building] INFO  o.a.m.s.f.DefaultMavenResourcesFiltering - skip non existing resourceDirectory C:\Users\dhars\Documents\SeleniumAndTesting\SeleniumAndTesting\src\test\resources
2026-04-17 10:04:08,221 [Worker-0: Building] INFO  o.a.m.s.f.DefaultMavenResourcesFiltering - skip non existing resourceDirectory C:\Users\dhars\Documents\SeleniumAndTesting\SeleniumAndTesting\src\main\resources
2026-04-17 10:04:08,223 [Worker-0: Building] INFO  o.a.m.s.f.DefaultMavenResourcesFiltering - skip non existing resourceDirectory C:\Users\dhars\Documents\SeleniumAndTesting\SeleniumAndTesting\src\test\resources
2026-04-17 10:05:46,273 [Worker-30: Building] INFO  o.a.m.s.f.DefaultMavenResourcesFiltering - skip non existing resourceDirectory C:\Users\dhars\Documents\SeleniumAndTesting\SeleniumAndTesting\src\main\resources
2026-04-17 10:05:46,274 [Worker-30: Building] INFO  o.a.m.s.f.DefaultMavenResourcesFiltering - skip non existing resourceDirectory C:\Users\dhars\Documents\SeleniumAndTesting\SeleniumAndTesting\src\test\resources
2026-04-17 10:11:47,471 [Worker-32: Building] INFO  o.a.m.s.f.DefaultMavenResourcesFiltering - skip non existing resourceDirectory C:\Users\dhars\Documents\SeleniumAndTesting\SeleniumAndTesting\src\main\resources
2026-04-17 10:11:47,473 [Worker-32: Building] INFO  o.a.m.s.f.DefaultMavenResourcesFiltering - skip non existing resourceDirectory C:\Users\dhars\Documents\SeleniumAndTesting\SeleniumAndTesting\src\test\resources
2026-04-17 10:12:14,510 [Worker-34: Launching TestNG_Demo] INFO  o.a.m.s.f.DefaultMavenResourcesFiltering - skip non existing resourceDirectory C:\Users\dhars\Documents\SeleniumAndTesting\SeleniumAndTesting\src\main\resources
2026-04-17 10:12:14,512 [Worker-34: Launching TestNG_Demo] INFO  o.a.m.s.f.DefaultMavenResourcesFiltering - skip non existing resourceDirectory C:\Users\dhars\Documents\SeleniumAndTesting\SeleniumAndTesting\src\test\resources
2026-04-17 10:16:22,377 [Worker-37: Building] INFO  o.a.m.s.f.DefaultMavenResourcesFiltering - skip non existing resourceDirectory C:\Users\dhars\Documents\SeleniumAndTesting\SeleniumAndTesting\src\main\resources
2026-04-17 10:16:22,379 [Worker-37: Building] INFO  o.a.m.s.f.DefaultMavenResourcesFiltering - skip non existing resourceDirectory C:\Users\dhars\Documents\SeleniumAndTesting\SeleniumAndTesting\src\test\resources
2026-04-17 10:20:18,981 [Worker-40: Building] INFO  o.a.m.s.f.DefaultMavenResourcesFiltering - skip non existing resourceDirectory C:\Users\dhars\Documents\SeleniumAndTesting\SeleniumAndTesting\src\main\resources
2026-04-17 10:20:18,984 [Worker-40: Building] INFO  o.a.m.s.f.DefaultMavenResourcesFiltering - skip non existing resourceDirectory C:\Users\dhars\Documents\SeleniumAndTesting\SeleniumAndTesting\src\test\resources
2026-04-17 10:20:44,074 [Worker-39: Building] INFO  o.a.m.s.f.DefaultMavenResourcesFiltering - skip non existing resourceDirectory C:\Users\dhars\Documents\SeleniumAndTesting\SeleniumAndTesting\src\main\resources
2026-04-17 10:20:44,075 [Worker-39: Building] INFO  o.a.m.s.f.DefaultMavenResourcesFiltering - skip non existing resourceDirectory C:\Users\dhars\Documents\SeleniumAndTesting\SeleniumAndTesting\src\test\resources
2026-04-17 10:22:10,803 [Worker-40: Building] INFO  o.a.m.s.f.DefaultMavenResourcesFiltering - skip non existing resourceDirectory C:\Users\dhars\Documents\SeleniumAndTesting\SeleniumAndTesting\src\main\resources
2026-04-17 10:22:10,804 [Worker-40: Building] INFO  o.a.m.s.f.DefaultMavenResourcesFiltering - skip non existing resourceDirectory C:\Users\dhars\Documents\SeleniumAndTesting\SeleniumAndTesting\src\test\resources
2026-04-17 10:23:24,821 [Worker-43: Building] INFO  o.a.m.s.f.DefaultMavenResourcesFiltering - skip non existing resourceDirectory C:\Users\dhars\Documents\SeleniumAndTesting\SeleniumAndTesting\src\main\resources
2026-04-17 10:23:24,822 [Worker-43: Building] INFO  o.a.m.s.f.DefaultMavenResourcesFiltering - skip non existing resourceDirectory C:\Users\dhars\Documents\SeleniumAndTesting\SeleniumAndTesting\src\test\resources
2026-04-17 10:26:18,472 [Worker-39: Building] INFO  o.a.m.s.f.DefaultMavenResourcesFiltering - skip non existing resourceDirectory C:\Users\dhars\Documents\SeleniumAndTesting\SeleniumAndTesting\src\main\resources
2026-04-17 10:26:18,473 [Worker-39: Building] INFO  o.a.m.s.f.DefaultMavenResourcesFiltering - skip non existing resourceDirectory C:\Users\dhars\Documents\SeleniumAndTesting\SeleniumAndTesting\src\test\resources
2026-04-17 10:28:11,305 [Worker-43: Building] INFO  o.a.m.s.f.DefaultMavenResourcesFiltering - skip non existing resourceDirectory C:\Users\dhars\Documents\SeleniumAndTesting\SeleniumAndTesting\src\main\resources
2026-04-17 10:28:11,306 [Worker-43: Building] INFO  o.a.m.s.f.DefaultMavenResourcesFiltering - skip non existing resourceDirectory C:\Users\dhars\Documents\SeleniumAndTesting\SeleniumAndTesting\src\test\resources
2026-04-17 10:30:19,434 [Worker-40: Building] INFO  o.a.m.s.f.DefaultMavenResourcesFiltering - skip non existing resourceDirectory C:\Users\dhars\Documents\SeleniumAndTesting\SeleniumAndTesting\src\main\resources
2026-04-17 10:30:19,435 [Worker-40: Building] INFO  o.a.m.s.f.DefaultMavenResourcesFiltering - skip non existing resourceDirectory C:\Users\dhars\Documents\SeleniumAndTesting\SeleniumAndTesting\src\test\resources
2026-04-17 10:31:59,747 [Worker-40: Building] INFO  o.a.m.s.f.DefaultMavenResourcesFiltering - skip non existing resourceDirectory C:\Users\dhars\Documents\SeleniumAndTesting\SeleniumAndTesting\src\main\resources
2026-04-17 10:31:59,750 [Worker-40: Building] INFO  o.a.m.s.f.DefaultMavenResourcesFiltering - skip non existing resourceDirectory C:\Users\dhars\Documents\SeleniumAndTesting\SeleniumAndTesting\src\test\resources
2026-04-17 10:34:03,820 [Worker-43: Building] INFO  o.a.m.s.f.DefaultMavenResourcesFiltering - skip non existing resourceDirectory C:\Users\dhars\Documents\SeleniumAndTesting\SeleniumAndTesting\src\main\resources
2026-04-17 10:34:03,821 [Worker-43: Building] INFO  o.a.m.s.f.DefaultMavenResourcesFiltering - skip non existing resourceDirectory C:\Users\dhars\Documents\SeleniumAndTesting\SeleniumAndTesting\src\test\resources
2026-04-17 10:36:01,204 [Worker-41: Building] INFO  o.a.m.s.f.DefaultMavenResourcesFiltering - skip non existing resourceDirectory C:\Users\dhars\Documents\SeleniumAndTesting\SeleniumAndTesting\src\main\resources
2026-04-17 10:36:01,206 [Worker-41: Building] INFO  o.a.m.s.f.DefaultMavenResourcesFiltering - skip non existing resourceDirectory C:\Users\dhars\Documents\SeleniumAndTesting\SeleniumAndTesting\src\test\resources
2026-04-17 10:42:03,233 [Worker-46: Building] INFO  o.a.m.s.f.DefaultMavenResourcesFiltering - skip non existing resourceDirectory C:\Users\dhars\Documents\SeleniumAndTesting\SeleniumAndTesting\src\main\resources
2026-04-17 10:42:03,235 [Worker-46: Building] INFO  o.a.m.s.f.DefaultMavenResourcesFiltering - skip non existing resourceDirectory C:\Users\dhars\Documents\SeleniumAndTesting\SeleniumAndTesting\src\test\resources
2026-04-17 10:42:26,430 [Worker-49: Building] INFO  o.a.m.s.f.DefaultMavenResourcesFiltering - skip non existing resourceDirectory C:\Users\dhars\Documents\SeleniumAndTesting\SeleniumAndTesting\src\main\resources
2026-04-17 10:42:26,431 [Worker-49: Building] INFO  o.a.m.s.f.DefaultMavenResourcesFiltering - skip non existing resourceDirectory C:\Users\dhars\Documents\SeleniumAndTesting\SeleniumAndTesting\src\test\resources
2026-04-17 10:43:35,140 [Worker-49: Building] INFO  o.a.m.s.f.DefaultMavenResourcesFiltering - skip non existing resourceDirectory C:\Users\dhars\Documents\SeleniumAndTesting\SeleniumAndTesting\src\main\resources
2026-04-17 10:43:35,143 [Worker-49: Building] INFO  o.a.m.s.f.DefaultMavenResourcesFiltering - skip non existing resourceDirectory C:\Users\dhars\Documents\SeleniumAndTesting\SeleniumAndTesting\src\test\resources
2026-04-17 10:44:24,122 [Worker-50: Building] INFO  o.a.m.s.f.DefaultMavenResourcesFiltering - skip non existing resourceDirectory C:\Users\dhars\Documents\SeleniumAndTesting\SeleniumAndTesting\src\main\resources
2026-04-17 10:44:24,123 [Worker-50: Building] INFO  o.a.m.s.f.DefaultMavenResourcesFiltering - skip non existing resourceDirectory C:\Users\dhars\Documents\SeleniumAndTesting\SeleniumAndTesting\src\test\resources
2026-04-17 10:46:19,049 [Worker-48: Building] INFO  o.a.m.s.f.DefaultMavenResourcesFiltering - skip non existing resourceDirectory C:\Users\dhars\Documents\SeleniumAndTesting\SeleniumAndTesting\src\main\resources
2026-04-17 10:46:19,051 [Worker-48: Building] INFO  o.a.m.s.f.DefaultMavenResourcesFiltering - skip non existing resourceDirectory C:\Users\dhars\Documents\SeleniumAndTesting\SeleniumAndTesting\src\test\resources
2026-04-17 10:47:11,142 [Worker-46: Building] INFO  o.a.m.s.f.DefaultMavenResourcesFiltering - skip non existing resourceDirectory C:\Users\dhars\Documents\SeleniumAndTesting\SeleniumAndTesting\src\main\resources
2026-04-17 10:47:11,145 [Worker-46: Building] INFO  o.a.m.s.f.DefaultMavenResourcesFiltering - skip non existing resourceDirectory C:\Users\dhars\Documents\SeleniumAndTesting\SeleniumAndTesting\src\test\resources
2026-04-17 11:41:05,061 [Worker-56: Building] INFO  o.a.m.s.f.DefaultMavenResourcesFiltering - skip non existing resourceDirectory C:\Users\dhars\Documents\SeleniumAndTesting\SeleniumAndTesting\src\main\resources
2026-04-17 11:41:05,062 [Worker-56: Building] INFO  o.a.m.s.f.DefaultMavenResourcesFiltering - skip non existing resourceDirectory C:\Users\dhars\Documents\SeleniumAndTesting\SeleniumAndTesting\src\test\resources
2026-04-17 11:41:36,105 [Worker-57: Building] INFO  o.a.m.s.f.DefaultMavenResourcesFiltering - skip non existing resourceDirectory C:\Users\dhars\Documents\SeleniumAndTesting\SeleniumAndTesting\src\main\resources
2026-04-17 11:41:36,109 [Worker-57: Building] INFO  o.a.m.s.f.DefaultMavenResourcesFiltering - skip non existing resourceDirectory C:\Users\dhars\Documents\SeleniumAndTesting\SeleniumAndTesting\src\test\resources
2026-04-17 11:41:45,164 [Worker-57: Building] INFO  o.a.m.s.f.DefaultMavenResourcesFiltering - skip non existing resourceDirectory C:\Users\dhars\Documents\SeleniumAndTesting\SeleniumAndTesting\src\main\resources
2026-04-17 11:41:45,166 [Worker-57: Building] INFO  o.a.m.s.f.DefaultMavenResourcesFiltering - skip non existing resourceDirectory C:\Users\dhars\Documents\SeleniumAndTesting\SeleniumAndTesting\src\test\resources
2026-04-17 11:56:42,333 [Worker-60: Building] INFO  o.a.m.s.f.DefaultMavenResourcesFiltering - skip non existing resourceDirectory C:\Users\dhars\Documents\SeleniumAndTesting\SeleniumAndTesting\src\main\resources
2026-04-17 11:56:42,335 [Worker-60: Building] INFO  o.a.m.s.f.DefaultMavenResourcesFiltering - skip non existing resourceDirectory C:\Users\dhars\Documents\SeleniumAndTesting\SeleniumAndTesting\src\test\resources
2026-04-17 11:57:53,447 [Worker-60: Building] INFO  o.a.m.s.f.DefaultMavenResourcesFiltering - skip non existing resourceDirectory C:\Users\dhars\Documents\SeleniumAndTesting\SeleniumAndTesting\src\main\resources
2026-04-17 11:57:53,449 [Worker-60: Building] INFO  o.a.m.s.f.DefaultMavenResourcesFiltering - skip non existing resourceDirectory C:\Users\dhars\Documents\SeleniumAndTesting\SeleniumAndTesting\src\test\resources
2026-04-17 12:07:06,192 [Worker-68: Building] INFO  o.a.m.s.f.DefaultMavenResourcesFiltering - skip non existing resourceDirectory C:\Users\dhars\Documents\SeleniumAndTesting\SeleniumAndTesting\src\main\resources
2026-04-17 12:07:06,195 [Worker-68: Building] INFO  o.a.m.s.f.DefaultMavenResourcesFiltering - skip non existing resourceDirectory C:\Users\dhars\Documents\SeleniumAndTesting\SeleniumAndTesting\src\test\resources
2026-04-17 12:07:16,044 [Worker-68: Building] INFO  o.a.m.s.f.DefaultMavenResourcesFiltering - skip non existing resourceDirectory C:\Users\dhars\Documents\SeleniumAndTesting\SeleniumAndTesting\src\main\resources
2026-04-17 12:07:16,046 [Worker-68: Building] INFO  o.a.m.s.f.DefaultMavenResourcesFiltering - skip non existing resourceDirectory C:\Users\dhars\Documents\SeleniumAndTesting\SeleniumAndTesting\src\test\resources
2026-04-17 12:07:50,955 [Worker-65: Building] INFO  o.a.m.s.f.DefaultMavenResourcesFiltering - skip non existing resourceDirectory C:\Users\dhars\Documents\SeleniumAndTesting\SeleniumAndTesting\src\main\resources
2026-04-17 12:07:50,956 [Worker-65: Building] INFO  o.a.m.s.f.DefaultMavenResourcesFiltering - skip non existing resourceDirectory C:\Users\dhars\Documents\SeleniumAndTesting\SeleniumAndTesting\src\test\resources
2026-04-17 12:09:42,315 [Worker-67: Building] INFO  o.a.m.s.f.DefaultMavenResourcesFiltering - skip non existing resourceDirectory C:\Users\dhars\Documents\SeleniumAndTesting\SeleniumAndTesting\src\main\resources
2026-04-17 12:09:42,317 [Worker-67: Building] INFO  o.a.m.s.f.DefaultMavenResourcesFiltering - skip non existing resourceDirectory C:\Users\dhars\Documents\SeleniumAndTesting\SeleniumAndTesting\src\test\resources
2026-04-17 12:12:31,776 [Worker-61: Building] INFO  o.a.m.s.f.DefaultMavenResourcesFiltering - skip non existing resourceDirectory C:\Users\dhars\Documents\SeleniumAndTesting\SeleniumAndTesting\src\main\resources
2026-04-17 12:12:31,777 [Worker-61: Building] INFO  o.a.m.s.f.DefaultMavenResourcesFiltering - skip non existing resourceDirectory C:\Users\dhars\Documents\SeleniumAndTesting\SeleniumAndTesting\src\test\resources
2026-04-17 12:13:35,616 [Worker-61: Building] INFO  o.a.m.s.f.DefaultMavenResourcesFiltering - skip non existing resourceDirectory C:\Users\dhars\Documents\SeleniumAndTesting\SeleniumAndTesting\src\main\resources
2026-04-17 12:13:35,617 [Worker-61: Building] INFO  o.a.m.s.f.DefaultMavenResourcesFiltering - skip non existing resourceDirectory C:\Users\dhars\Documents\SeleniumAndTesting\SeleniumAndTesting\src\test\resources
2026-04-17 12:15:57,103 [Worker-67: Building] INFO  o.a.m.s.f.DefaultMavenResourcesFiltering - skip non existing resourceDirectory C:\Users\dhars\Documents\SeleniumAndTesting\SeleniumAndTesting\src\main\resources
2026-04-17 12:15:57,105 [Worker-67: Building] INFO  o.a.m.s.f.DefaultMavenResourcesFiltering - skip non existing resourceDirectory C:\Users\dhars\Documents\SeleniumAndTesting\SeleniumAndTesting\src\test\resources
2026-04-17 12:16:07,350 [Worker-70: Building] INFO  o.a.m.s.f.DefaultMavenResourcesFiltering - skip non existing resourceDirectory C:\Users\dhars\Documents\SeleniumAndTesting\SeleniumAndTesting\src\main\resources
2026-04-17 12:16:07,351 [Worker-70: Building] INFO  o.a.m.s.f.DefaultMavenResourcesFiltering - skip non existing resourceDirectory C:\Users\dhars\Documents\SeleniumAndTesting\SeleniumAndTesting\src\test\resources
2026-04-17 12:18:30,927 [Worker-71: Building] INFO  o.a.m.s.f.DefaultMavenResourcesFiltering - skip non existing resourceDirectory C:\Users\dhars\Documents\SeleniumAndTesting\SeleniumAndTesting\src\main\resources
2026-04-17 12:18:30,929 [Worker-71: Building] INFO  o.a.m.s.f.DefaultMavenResourcesFiltering - skip non existing resourceDirectory C:\Users\dhars\Documents\SeleniumAndTesting\SeleniumAndTesting\src\test\resources
2026-04-17 12:18:43,068 [Worker-67: Building] INFO  o.a.m.s.f.DefaultMavenResourcesFiltering - skip non existing resourceDirectory C:\Users\dhars\Documents\SeleniumAndTesting\SeleniumAndTesting\src\main\resources
2026-04-17 12:18:43,069 [Worker-67: Building] INFO  o.a.m.s.f.DefaultMavenResourcesFiltering - skip non existing resourceDirectory C:\Users\dhars\Documents\SeleniumAndTesting\SeleniumAndTesting\src\test\resources
2026-04-17 12:30:49,669 [Worker-75: Building] INFO  o.a.m.s.f.DefaultMavenResourcesFiltering - skip non existing resourceDirectory C:\Users\dhars\Documents\SeleniumAndTesting\SeleniumAndTesting\src\main\resources
2026-04-17 12:30:49,670 [Worker-75: Building] INFO  o.a.m.s.f.DefaultMavenResourcesFiltering - skip non existing resourceDirectory C:\Users\dhars\Documents\SeleniumAndTesting\SeleniumAndTesting\src\test\resources
2026-04-17 12:31:08,911 [Worker-75: Building] INFO  o.a.m.s.f.DefaultMavenResourcesFiltering - skip non existing resourceDirectory C:\Users\dhars\Documents\SeleniumAndTesting\SeleniumAndTesting\src\main\resources
2026-04-17 12:31:08,913 [Worker-75: Building] INFO  o.a.m.s.f.DefaultMavenResourcesFiltering - skip non existing resourceDirectory C:\Users\dhars\Documents\SeleniumAndTesting\SeleniumAndTesting\src\test\resources
2026-04-17 12:33:09,885 [Worker-71: Building] INFO  o.a.m.s.f.DefaultMavenResourcesFiltering - skip non existing resourceDirectory C:\Users\dhars\Documents\SeleniumAndTesting\SeleniumAndTesting\src\main\resources
2026-04-17 12:33:09,889 [Worker-71: Building] INFO  o.a.m.s.f.DefaultMavenResourcesFiltering - skip non existing resourceDirectory C:\Users\dhars\Documents\SeleniumAndTesting\SeleniumAndTesting\src\test\resources
2026-04-17 12:34:07,447 [Worker-4: Loading available Gradle versions] INFO  o.e.b.c.i.u.g.PublishedGradleVersions - Gradle version information cache is up-to-date. Trying to read.
2026-04-17 15:03:50,998 [Worker-36: Building] INFO  o.a.m.s.f.DefaultMavenResourcesFiltering - skip non existing resourceDirectory C:\Users\dhars\Documents\SeleniumAndTesting\SeleniumAndTesting\src\main\resources
2026-04-17 15:03:51,005 [Worker-36: Building] INFO  o.a.m.s.f.DefaultMavenResourcesFiltering - skip non existing resourceDirectory C:\Users\dhars\Documents\SeleniumAndTesting\SeleniumAndTesting\src\test\resources
2026-04-17 15:15:23,299 [Worker-34: Building] INFO  o.a.m.s.f.DefaultMavenResourcesFiltering - skip non existing resourceDirectory C:\Users\dhars\Documents\SeleniumAndTesting\SeleniumAndTesting\src\main\resources
2026-04-17 15:15:23,303 [Worker-34: Building] INFO  o.a.m.s.f.DefaultMavenResourcesFiltering - skip non existing resourceDirectory C:\Users\dhars\Documents\SeleniumAndTesting\SeleniumAndTesting\src\test\resources
2026-04-17 15:17:06,373 [Worker-36: Building] INFO  o.a.m.s.f.DefaultMavenResourcesFiltering - skip non existing resourceDirectory C:\Users\dhars\Documents\SeleniumAndTesting\SeleniumAndTesting\src\main\resources
2026-04-17 15:17:06,375 [Worker-36: Building] INFO  o.a.m.s.f.DefaultMavenResourcesFiltering - skip non existing resourceDirectory C:\Users\dhars\Documents\SeleniumAndTesting\SeleniumAndTesting\src\test\resources
2026-04-17 15:17:33,804 [Worker-35: Building] INFO  o.a.m.s.f.DefaultMavenResourcesFiltering - skip non existing resourceDirectory C:\Users\dhars\Documents\SeleniumAndTesting\SeleniumAndTesting\src\main\resources
2026-04-17 15:17:33,806 [Worker-35: Building] INFO  o.a.m.s.f.DefaultMavenResourcesFiltering - skip non existing resourceDirectory C:\Users\dhars\Documents\SeleniumAndTesting\SeleniumAndTesting\src\test\resources
2026-04-17 15:22:17,194 [Worker-41: Building] INFO  o.a.m.s.f.DefaultMavenResourcesFiltering - skip non existing resourceDirectory C:\Users\dhars\Documents\SeleniumAndTesting\SeleniumAndTesting\src\main\resources
2026-04-17 15:22:17,197 [Worker-41: Building] INFO  o.a.m.s.f.DefaultMavenResourcesFiltering - skip non existing resourceDirectory C:\Users\dhars\Documents\SeleniumAndTesting\SeleniumAndTesting\src\test\resources
2026-04-17 15:23:19,872 [Worker-40: Building] INFO  o.a.m.s.f.DefaultMavenResourcesFiltering - skip non existing resourceDirectory C:\Users\dhars\Documents\SeleniumAndTesting\SeleniumAndTesting\src\main\resources
2026-04-17 15:23:19,875 [Worker-40: Building] INFO  o.a.m.s.f.DefaultMavenResourcesFiltering - skip non existing resourceDirectory C:\Users\dhars\Documents\SeleniumAndTesting\SeleniumAndTesting\src\test\resources
2026-04-17 15:23:34,870 [Worker-40: Building] INFO  o.a.m.s.f.DefaultMavenResourcesFiltering - skip non existing resourceDirectory C:\Users\dhars\Documents\SeleniumAndTesting\SeleniumAndTesting\src\main\resources
2026-04-17 15:23:34,872 [Worker-40: Building] INFO  o.a.m.s.f.DefaultMavenResourcesFiltering - skip non existing resourceDirectory C:\Users\dhars\Documents\SeleniumAndTesting\SeleniumAndTesting\src\test\resources
2026-04-17 15:24:40,087 [Worker-44: Building] INFO  o.a.m.s.f.DefaultMavenResourcesFiltering - skip non existing resourceDirectory C:\Users\dhars\Documents\SeleniumAndTesting\SeleniumAndTesting\src\main\resources
2026-04-17 15:24:40,089 [Worker-44: Building] INFO  o.a.m.s.f.DefaultMavenResourcesFiltering - skip non existing resourceDirectory C:\Users\dhars\Documents\SeleniumAndTesting\SeleniumAndTesting\src\test\resources
2026-04-17 15:26:06,667 [Worker-43: Building] INFO  o.a.m.s.f.DefaultMavenResourcesFiltering - skip non existing resourceDirectory C:\Users\dhars\Documents\SeleniumAndTesting\SeleniumAndTesting\src\main\resources
2026-04-17 15:26:06,670 [Worker-43: Building] INFO  o.a.m.s.f.DefaultMavenResourcesFiltering - skip non existing resourceDirectory C:\Users\dhars\Documents\SeleniumAndTesting\SeleniumAndTesting\src\test\resources
2026-04-17 15:26:20,141 [Worker-43: Building] INFO  o.a.m.s.f.DefaultMavenResourcesFiltering - skip non existing resourceDirectory C:\Users\dhars\Documents\SeleniumAndTesting\SeleniumAndTesting\src\main\resources
2026-04-17 15:26:20,144 [Worker-43: Building] INFO  o.a.m.s.f.DefaultMavenResourcesFiltering - skip non existing resourceDirectory C:\Users\dhars\Documents\SeleniumAndTesting\SeleniumAndTesting\src\test\resources
2026-04-17 15:27:41,575 [Worker-43: Building] INFO  o.a.m.s.f.DefaultMavenResourcesFiltering - skip non existing resourceDirectory C:\Users\dhars\Documents\SeleniumAndTesting\SeleniumAndTesting\src\main\resources
2026-04-17 15:27:41,577 [Worker-43: Building] INFO  o.a.m.s.f.DefaultMavenResourcesFiltering - skip non existing resourceDirectory C:\Users\dhars\Documents\SeleniumAndTesting\SeleniumAndTesting\src\test\resources
2026-04-17 15:27:49,701 [Worker-37: Building] INFO  o.a.m.s.f.DefaultMavenResourcesFiltering - skip non existing resourceDirectory C:\Users\dhars\Documents\SeleniumAndTesting\SeleniumAndTesting\src\main\resources
2026-04-17 15:27:49,704 [Worker-37: Building] INFO  o.a.m.s.f.DefaultMavenResourcesFiltering - skip non existing resourceDirectory C:\Users\dhars\Documents\SeleniumAndTesting\SeleniumAndTesting\src\test\resources
2026-04-17 15:31:22,918 [Worker-43: Building] INFO  o.a.m.s.f.DefaultMavenResourcesFiltering - skip non existing resourceDirectory C:\Users\dhars\Documents\SeleniumAndTesting\SeleniumAndTesting\src\main\resources
2026-04-17 15:31:22,920 [Worker-43: Building] INFO  o.a.m.s.f.DefaultMavenResourcesFiltering - skip non existing resourceDirectory C:\Users\dhars\Documents\SeleniumAndTesting\SeleniumAndTesting\src\test\resources
2026-04-17 15:32:53,939 [Worker-35: Building] INFO  o.a.m.s.f.DefaultMavenResourcesFiltering - skip non existing resourceDirectory C:\Users\dhars\Documents\SeleniumAndTesting\SeleniumAndTesting\src\main\resources
2026-04-17 15:32:53,940 [Worker-35: Building] INFO  o.a.m.s.f.DefaultMavenResourcesFiltering - skip non existing resourceDirectory C:\Users\dhars\Documents\SeleniumAndTesting\SeleniumAndTesting\src\test\resources
2026-04-17 15:34:45,573 [Worker-40: Building] INFO  o.a.m.s.f.DefaultMavenResourcesFiltering - skip non existing resourceDirectory C:\Users\dhars\Documents\SeleniumAndTesting\SeleniumAndTesting\src\main\resources
2026-04-17 15:34:45,576 [Worker-40: Building] INFO  o.a.m.s.f.DefaultMavenResourcesFiltering - skip non existing resourceDirectory C:\Users\dhars\Documents\SeleniumAndTesting\SeleniumAndTesting\src\test\resources
2026-04-17 15:35:43,889 [Worker-43: Building] INFO  o.a.m.s.f.DefaultMavenResourcesFiltering - skip non existing resourceDirectory C:\Users\dhars\Documents\SeleniumAndTesting\SeleniumAndTesting\src\main\resources
2026-04-17 15:35:43,890 [Worker-43: Building] INFO  o.a.m.s.f.DefaultMavenResourcesFiltering - skip non existing resourceDirectory C:\Users\dhars\Documents\SeleniumAndTesting\SeleniumAndTesting\src\test\resources
2026-04-17 15:36:11,159 [Worker-37: Building] INFO  o.a.m.s.f.DefaultMavenResourcesFiltering - skip non existing resourceDirectory C:\Users\dhars\Documents\SeleniumAndTesting\SeleniumAndTesting\src\main\resources
2026-04-17 15:36:11,161 [Worker-37: Building] INFO  o.a.m.s.f.DefaultMavenResourcesFiltering - skip non existing resourceDirectory C:\Users\dhars\Documents\SeleniumAndTesting\SeleniumAndTesting\src\test\resources
2026-04-17 15:37:25,448 [Worker-43: Building] INFO  o.a.m.s.f.DefaultMavenResourcesFiltering - skip non existing resourceDirectory C:\Users\dhars\Documents\SeleniumAndTesting\SeleniumAndTesting\src\main\resources
2026-04-17 15:37:25,450 [Worker-43: Building] INFO  o.a.m.s.f.DefaultMavenResourcesFiltering - skip non existing resourceDirectory C:\Users\dhars\Documents\SeleniumAndTesting\SeleniumAndTesting\src\test\resources
2026-04-17 15:38:06,903 [Worker-37: Building] INFO  o.a.m.s.f.DefaultMavenResourcesFiltering - skip non existing resourceDirectory C:\Users\dhars\Documents\SeleniumAndTesting\SeleniumAndTesting\src\main\resources
2026-04-17 15:38:06,904 [Worker-37: Building] INFO  o.a.m.s.f.DefaultMavenResourcesFiltering - skip non existing resourceDirectory C:\Users\dhars\Documents\SeleniumAndTesting\SeleniumAndTesting\src\test\resources
2026-04-17 15:38:25,320 [Worker-35: Building] INFO  o.a.m.s.f.DefaultMavenResourcesFiltering - skip non existing resourceDirectory C:\Users\dhars\Documents\SeleniumAndTesting\SeleniumAndTesting\src\main\resources
2026-04-17 15:38:25,322 [Worker-35: Building] INFO  o.a.m.s.f.DefaultMavenResourcesFiltering - skip non existing resourceDirectory C:\Users\dhars\Documents\SeleniumAndTesting\SeleniumAndTesting\src\test\resources
2026-04-17 16:14:56,893 [Worker-37: Building] INFO  o.a.m.s.f.DefaultMavenResourcesFiltering - skip non existing resourceDirectory C:\Users\dhars\Documents\SeleniumAndTesting\SeleniumAndTesting\src\main\resources
2026-04-17 16:14:56,897 [Worker-37: Building] INFO  o.a.m.s.f.DefaultMavenResourcesFiltering - skip non existing resourceDirectory C:\Users\dhars\Documents\SeleniumAndTesting\SeleniumAndTesting\src\test\resources
2026-04-17 16:16:19,175 [Worker-50: Building] INFO  o.a.m.s.f.DefaultMavenResourcesFiltering - skip non existing resourceDirectory C:\Users\dhars\Documents\SeleniumAndTesting\SeleniumAndTesting\src\main\resources
2026-04-17 16:16:19,177 [Worker-50: Building] INFO  o.a.m.s.f.DefaultMavenResourcesFiltering - skip non existing resourceDirectory C:\Users\dhars\Documents\SeleniumAndTesting\SeleniumAndTesting\src\test\resources
2026-04-17 16:17:07,605 [Worker-53: Building] INFO  o.a.m.s.f.DefaultMavenResourcesFiltering - skip non existing resourceDirectory C:\Users\dhars\Documents\SeleniumAndTesting\SeleniumAndTesting\src\main\resources
2026-04-17 16:17:07,607 [Worker-53: Building] INFO  o.a.m.s.f.DefaultMavenResourcesFiltering - skip non existing resourceDirectory C:\Users\dhars\Documents\SeleniumAndTesting\SeleniumAndTesting\src\test\resources
2026-04-17 16:17:20,144 [Worker-52: Building] INFO  o.a.m.s.f.DefaultMavenResourcesFiltering - skip non existing resourceDirectory C:\Users\dhars\Documents\SeleniumAndTesting\SeleniumAndTesting\src\main\resources
2026-04-17 16:17:20,147 [Worker-52: Building] INFO  o.a.m.s.f.DefaultMavenResourcesFiltering - skip non existing resourceDirectory C:\Users\dhars\Documents\SeleniumAndTesting\SeleniumAndTesting\src\test\resources
2026-04-17 16:17:23,220 [Worker-51: Building] INFO  o.a.m.s.f.DefaultMavenResourcesFiltering - skip non existing resourceDirectory C:\Users\dhars\Documents\SeleniumAndTesting\SeleniumAndTesting\src\main\resources
2026-04-17 16:17:23,223 [Worker-51: Building] INFO  o.a.m.s.f.DefaultMavenResourcesFiltering - skip non existing resourceDirectory C:\Users\dhars\Documents\SeleniumAndTesting\SeleniumAndTesting\src\test\resources
2026-04-17 16:21:26,062 [Worker-55: Building] INFO  o.a.m.s.f.DefaultMavenResourcesFiltering - skip non existing resourceDirectory C:\Users\dhars\Documents\SeleniumAndTesting\SeleniumAndTesting\src\main\resources
2026-04-17 16:21:26,064 [Worker-55: Building] INFO  o.a.m.s.f.DefaultMavenResourcesFiltering - skip non existing resourceDirectory C:\Users\dhars\Documents\SeleniumAndTesting\SeleniumAndTesting\src\test\resources
2026-04-17 16:22:09,478 [Worker-52: Building] INFO  o.a.m.s.f.DefaultMavenResourcesFiltering - skip non existing resourceDirectory C:\Users\dhars\Documents\SeleniumAndTesting\SeleniumAndTesting\src\main\resources
2026-04-17 16:22:09,481 [Worker-52: Building] INFO  o.a.m.s.f.DefaultMavenResourcesFiltering - skip non existing resourceDirectory C:\Users\dhars\Documents\SeleniumAndTesting\SeleniumAndTesting\src\test\resources
